Using pre-set license
Built from '2020.3/staging' branch; Version is '2020.3.10f1 (297d780c91bc) revision 2719096'; Using compiler version '192528614'; Build Type 'Release'
OS: 'Windows 10 Pro; OS build 19043.985; Version 2009; 64bit' Language: 'tr' Physical Memory: 8143 MB
BatchMode: 1, IsHumanControllingUs: 0, StartBugReporterOnCrash: 0, Is64bit: 1, IsPro: 0

 COMMAND LINE ARGUMENTS:
C:\Program Files\Unity\Hub\Editor\2020.3.10f1\Editor\Unity.exe
-adb2
-batchMode
-noUpm
-name
AssetImportWorker0
-projectPath
C:/Users/pluto/Documents/GitHub/TangramGame/Tangram Game
-logFile
Logs/AssetImportWorker0.log
-srvPort
50382
Successfully changed project path to: C:/Users/pluto/Documents/GitHub/TangramGame/Tangram Game
C:/Users/pluto/Documents/GitHub/TangramGame/Tangram Game
Using Asset Import Pipeline V2.
Refreshing native plugins compatible for Editor in 40.79 ms, found 3 plugins.
Preloading 0 native plugins for Editor in 0.00 ms.
Initialize engine version: 2020.3.10f1 (297d780c91bc)
[Subsystems] Discovering subsystems at path C:/Program Files/Unity/Hub/Editor/2020.3.10f1/Editor/Data/Resources/UnitySubsystems
[Subsystems] Discovering subsystems at path C:/Users/pluto/Documents/GitHub/TangramGame/Tangram Game/Assets
GfxDevice: creating device client; threaded=0
Direct3D:
    Version:  Direct3D 11.0 [level 11.1]
    Renderer: AMD Radeon RX 5700 (ID=0x731f)
    Vendor:   
    VRAM:     8151 MB
    Driver:   27.20.21002.112
Initialize mono
Mono path[0] = 'C:/Program Files/Unity/Hub/Editor/2020.3.10f1/Editor/Data/Managed'
Mono path[1] = 'C:/Program Files/Unity/Hub/Editor/2020.3.10f1/Editor/Data/MonoBleedingEdge/lib/mono/unityjit'
Mono config path = 'C:/Program Files/Unity/Hub/Editor/2020.3.10f1/Editor/Data/MonoBleedingEdge/etc'
Using monoOptions --debugger-agent=transport=dt_socket,embedding=1,server=y,suspend=n,address=127.0.0.1:56032
Begin MonoManager ReloadAssembly
Registering precompiled unity dll's ...
Register platform support module: C:/Program Files/Unity/Hub/Editor/2020.3.10f1/Editor/Data/PlaybackEngines/WindowsStandaloneSupport/UnityEditor.WindowsStandalone.Extensions.dll
Registered in 0.002885 seconds.
Native extension for WindowsStandalone target not found
Refreshing native plugins compatible for Editor in 36.92 ms, found 3 plugins.
Preloading 0 native plugins for Editor in 0.00 ms.
Mono: successfully reloaded assembly
- Completed reload, in  2.062 seconds
Platform modules already initialized, skipping
Registering precompiled user dll's ...
Registered in 0.004865 seconds.
Begin MonoManager ReloadAssembly
Native extension for WindowsStandalone target not found
Refreshing native plugins compatible for Editor in 36.30 ms, found 3 plugins.
Preloading 0 native plugins for Editor in 0.00 ms.
Mono: successfully reloaded assembly
- Completed reload, in  1.118 seconds
Platform modules already initialized, skipping
========================================================================
Worker process is ready to serve import requests
Launched and connected shader compiler UnityShaderCompiler.exe after 0.05 seconds
Refreshing native plugins compatible for Editor in 0.43 ms, found 3 plugins.
Preloading 0 native plugins for Editor in 0.00 ms.
Unloading 2082 Unused Serialized files (Serialized files now loaded: 0)
System memory in use before: 93.0 MB.
System memory in use after: 92.9 MB.

Unloading 33 unused Assets to reduce memory usage. Loaded Objects now: 2514.
Total: 2.258500 ms (FindLiveObjects: 0.195600 ms CreateObjectMapping: 0.084500 ms MarkObjects: 1.810400 ms  DeleteObjects: 0.167000 ms)

========================================================================
Received Import Request.
  path: Assets/Scenes/Levels/Easy/Easy2.unity
  artifactKey: Guid(862cb3ab36e291b4e9ab4e2f3c241beb) Importer(815301076,1909f56bfc062723c751e8b465ee728b)
Start importing Assets/Scenes/Levels/Easy/Easy2.unity using Guid(862cb3ab36e291b4e9ab4e2f3c241beb) Importer(815301076,1909f56bfc062723c751e8b465ee728b)  -> (artifact id: 'a39f9b4421acae6affd7922fd65dda5c') in 0.023923 seconds
  Import took 0.029572 seconds .

========================================================================
Received Import Request.
  Time since last request: 3.879472 seconds.
  path: Assets/Scenes/Levels/Easy/Easy1.unity
  artifactKey: Guid(80a34bbb5acd51e4cb7fe11166fcae82) Importer(815301076,1909f56bfc062723c751e8b465ee728b)
Start importing Assets/Scenes/Levels/Easy/Easy1.unity using Guid(80a34bbb5acd51e4cb7fe11166fcae82) Importer(815301076,1909f56bfc062723c751e8b465ee728b)  -> (artifact id: 'b04d776f67ba1c46de2e2b2387bc8842') in 0.008467 seconds
  Import took 0.012444 seconds .

========================================================================
Received Import Request.
  Time since last request: 44.038818 seconds.
  path: Assets/Scenes/Levels/Easy/Easy3.unity
  artifactKey: Guid(ca1ba756db2f3564bbb25e0cb4a77766) Importer(815301076,1909f56bfc062723c751e8b465ee728b)
Start importing Assets/Scenes/Levels/Easy/Easy3.unity using Guid(ca1ba756db2f3564bbb25e0cb4a77766) Importer(815301076,1909f56bfc062723c751e8b465ee728b)  -> (artifact id: 'e9db5e1dd570ba623beb329155873518') in 0.008574 seconds
  Import took 0.032989 seconds .

